TN:
SF:src/App.jsx
FN:5,App
FN:12,(anonymous_1)
FN:34,(anonymous_2)
FN:41,(anonymous_3)
FN:42,(anonymous_4)
FN:60,(anonymous_5)
FNF:6
FNH:6
FNDA:16,App
FNDA:16,(anonymous_1)
FNDA:1,(anonymous_2)
FNDA:1,(anonymous_3)
FNDA:112,(anonymous_4)
FNDA:1,(anonymous_5)
DA:6,16
DA:7,16
DA:8,16
DA:10,16
DA:12,16
DA:13,16
DA:16,16
DA:34,1
DA:41,1
DA:43,112
DA:60,1
LF:11
LH:11
BRF:0
BRH:0
end_of_record
TN:
SF:src/tarif.js
FN:15,findTarif
FN:16,(anonymous_1)
FN:19,calculateCost
FN:39,formatRupiah
FNF:4
FNH:4
FNDA:21,findTarif
FNDA:70,(anonymous_1)
FNDA:24,calculateCost
FNDA:85,formatRupiah
DA:3,2
DA:5,2
DA:16,70
DA:20,24
DA:21,24
DA:22,24
DA:23,24
DA:24,24
DA:25,24
DA:27,24
DA:40,85
LF:11
LH:11
BRDA:16,0,0,21
BRDA:16,0,1,1
BRF:2
BRH:2
end_of_record
