TN:
SF:src/App.tsx
FN:6,App
FN:13,(anonymous_1)
FN:35,(anonymous_2)
FN:45,(anonymous_3)
FN:47,(anonymous_4)
FN:67,(anonymous_5)
FNF:6
FNH:6
FNDA:16,App
FNDA:16,(anonymous_1)
FNDA:1,(anonymous_2)
FNDA:1,(anonymous_3)
FNDA:112,(anonymous_4)
FNDA:1,(anonymous_5)
DA:7,16
DA:8,16
DA:9,16
DA:11,16
DA:13,16
DA:14,16
DA:17,16
DA:35,1
DA:45,1
DA:48,112
DA:67,1
LF:11
LH:11
BRF:0
BRH:0
end_of_record
TN:
SF:src/tarif.ts
FN:33,findTarif
FN:34,(anonymous_1)
FN:37,calculateCost
FN:57,formatRupiah
FNF:4
FNH:4
FNDA:21,findTarif
FNDA:70,(anonymous_1)
FNDA:24,calculateCost
FNDA:85,formatRupiah
DA:3,2
DA:23,2
DA:34,70
DA:38,24
DA:39,24
DA:40,24
DA:41,24
DA:42,24
DA:43,24
DA:45,24
DA:58,85
LF:11
LH:11
BRDA:34,0,0,21
BRDA:34,0,1,1
BRF:2
BRH:2
end_of_record
